nov 26, 2015 8:23:21 PM org.singular.util.Logger$1 run
INFO: Queens: 1
Nurturers: 2
Workers: 0
Infants: 0
-----------------------
Eggs: 0
Food: 50

nov 26, 2015 8:23:22 PM org.singular.util.Logger$1 run
INFO: Queens: 1
Nurturers: 2
Workers: 0
Infants: 0
-----------------------
Eggs: 0
Food: 50

nov 26, 2015 8:23:23 PM org.singular.util.Logger$1 run
INFO: Queens: 1
Nurturers: 2
Workers: 0
Infants: 0
-----------------------
Eggs: 1
Food: 50

nov 26, 2015 8:23:24 PM org.singular.util.Logger$1 run
INFO: Queens: 1
Nurturers: 2
Workers: 0
Infants: 0
-----------------------
Eggs: 2
Food: 50

nov 26, 2015 8:23:25 PM org.singular.util.Logger$1 run
INFO: Queens: 1
Nurturers: 2
Workers: 0
Infants: 0
-----------------------
Eggs: 3
Food: 50

nov 26, 2015 8:23:26 PM org.singular.util.Logger$1 run
INFO: Queens: 1
Nurturers: 2
Workers: 0
Infants: 0
-----------------------
Eggs: 4
Food: 50

nov 26, 2015 8:23:27 PM org.singular.util.Logger$1 run
INFO: Queens: 1
Nurturers: 2
Workers: 0
Infants: 0
-----------------------
Eggs: 5
Food: 50

nov 26, 2015 8:23:28 PM org.singular.util.Logger$1 run
INFO: Queens: 1
Nurturers: 2
Workers: 0
Infants: 0
-----------------------
Eggs: 6
Food: 50

nov 26, 2015 8:23:29 PM org.singular.util.Logger$1 run
INFO: Queens: 1
Nurturers: 2
Workers: 0
Infants: 0
-----------------------
Eggs: 8
Food: 50

nov 26, 2015 8:23:30 PM org.singular.util.Logger$1 run
INFO: Queens: 1
Nurturers: 2
Workers: 0
Infants: 0
-----------------------
Eggs: 9
Food: 50

nov 26, 2015 8:23:31 PM org.singular.util.Logger$1 run
INFO: Queens: 1
Nurturers: 2
Workers: 0
Infants: 0
-----------------------
Eggs: 10
Food: 50

nov 26, 2015 8:23:32 PM org.singular.util.Logger$1 run
INFO: Queens: 1
Nurturers: 2
Workers: 0
Infants: 0
-----------------------
Eggs: 11
Food: 50

nov 26, 2015 8:23:33 PM org.singular.util.Logger$1 run
INFO: Queens: 1
Nurturers: 2
Workers: 0
Infants: 0
-----------------------
Eggs: 12
Food: 50

nov 26, 2015 8:23:34 PM org.singular.util.Logger$1 run
INFO: Queens: 1
Nurturers: 2
Workers: 0
Infants: 0
-----------------------
Eggs: 13
Food: 50

nov 26, 2015 8:23:35 PM org.singular.util.Logger$1 run
INFO: Queens: 1
Nurturers: 2
Workers: 0
Infants: 0
-----------------------
Eggs: 14
Food: 50

nov 26, 2015 8:23:36 PM org.singular.util.Logger$1 run
INFO: Queens: 1
Nurturers: 2
Workers: 0
Infants: 0
-----------------------
Eggs: 15
Food: 50

nov 26, 2015 8:23:37 PM org.singular.util.Logger$1 run
INFO: Queens: 1
Nurturers: 2
Workers: 0
Infants: 0
-----------------------
Eggs: 16
Food: 50

nov 26, 2015 8:23:38 PM org.singular.util.Logger$1 run
INFO: Queens: 1
Nurturers: 2
Workers: 0
Infants: 0
-----------------------
Eggs: 17
Food: 50

nov 26, 2015 8:23:39 PM org.singular.util.Logger$1 run
INFO: Queens: 1
Nurturers: 2
Workers: 0
Infants: 0
-----------------------
Eggs: 18
Food: 50

nov 26, 2015 8:23:40 PM org.singular.util.Logger$1 run
INFO: Queens: 1
Nurturers: 2
Workers: 0
Infants: 0
-----------------------
Eggs: 19
Food: 50

nov 26, 2015 8:23:41 PM org.singular.util.Logger$1 run
INFO: Queens: 1
Nurturers: 2
Workers: 0
Infants: 20
-----------------------
Eggs: 0
Food: 50

nov 26, 2015 8:23:42 PM org.singular.util.Logger$1 run
INFO: Queens: 1
Nurturers: 2
Workers: 0
Infants: 20
-----------------------
Eggs: 1
Food: 50

nov 26, 2015 8:23:43 PM org.singular.util.Logger$1 run
INFO: Queens: 1
Nurturers: 2
Workers: 0
Infants: 20
-----------------------
Eggs: 2
Food: 50

nov 26, 2015 8:23:44 PM org.singular.util.Logger$1 run
INFO: Queens: 1
Nurturers: 2
Workers: 0
Infants: 20
-----------------------
Eggs: 3
Food: 50

nov 26, 2015 8:23:45 PM org.singular.util.Logger$1 run
INFO: Queens: 1
Nurturers: 2
Workers: 0
Infants: 20
-----------------------
Eggs: 4
Food: 50

nov 26, 2015 8:23:46 PM org.singular.util.Logger$1 run
INFO: Queens: 1
Nurturers: 2
Workers: 0
Infants: 20
-----------------------
Eggs: 5
Food: 50

nov 26, 2015 8:23:47 PM org.singular.util.Logger$1 run
INFO: Queens: 1
Nurturers: 2
Workers: 0
Infants: 20
-----------------------
Eggs: 6
Food: 50

nov 26, 2015 8:23:48 PM org.singular.util.Logger$1 run
INFO: Queens: 1
Nurturers: 2
Workers: 0
Infants: 20
-----------------------
Eggs: 7
Food: 50

nov 26, 2015 8:23:49 PM org.singular.util.Logger$1 run
INFO: Queens: 1
Nurturers: 2
Workers: 0
Infants: 20
-----------------------
Eggs: 8
Food: 50

nov 26, 2015 8:23:50 PM org.singular.util.Logger$1 run
INFO: Queens: 1
Nurturers: 2
Workers: 0
Infants: 20
-----------------------
Eggs: 9
Food: 50

nov 26, 2015 8:23:51 PM org.singular.util.Logger$1 run
INFO: Queens: 1
Nurturers: 2
Workers: 0
Infants: 20
-----------------------
Eggs: 10
Food: 40

nov 26, 2015 8:23:52 PM org.singular.util.Logger$1 run
INFO: Queens: 1
Nurturers: 2
Workers: 0
Infants: 20
-----------------------
Eggs: 11
Food: 40

nov 26, 2015 8:23:53 PM org.singular.util.Logger$1 run
INFO: Queens: 1
Nurturers: 2
Workers: 0
Infants: 20
-----------------------
Eggs: 12
Food: 40

nov 26, 2015 8:23:54 PM org.singular.util.Logger$1 run
INFO: Queens: 1
Nurturers: 2
Workers: 0
Infants: 20
-----------------------
Eggs: 13
Food: 40

nov 26, 2015 8:23:55 PM org.singular.util.Logger$1 run
INFO: Queens: 1
Nurturers: 2
Workers: 0
Infants: 20
-----------------------
Eggs: 14
Food: 40

nov 26, 2015 8:23:56 PM org.singular.util.Logger$1 run
INFO: Queens: 1
Nurturers: 2
Workers: 0
Infants: 20
-----------------------
Eggs: 15
Food: 40

nov 26, 2015 8:23:57 PM org.singular.util.Logger$1 run
INFO: Queens: 1
Nurturers: 2
Workers: 0
Infants: 20
-----------------------
Eggs: 16
Food: 40

nov 26, 2015 8:23:58 PM org.singular.util.Logger$1 run
INFO: Queens: 1
Nurturers: 2
Workers: 0
Infants: 20
-----------------------
Eggs: 17
Food: 40

nov 26, 2015 8:23:59 PM org.singular.util.Logger$1 run
INFO: Queens: 1
Nurturers: 2
Workers: 0
Infants: 20
-----------------------
Eggs: 18
Food: 40

nov 26, 2015 8:24:00 PM org.singular.util.Logger$1 run
INFO: Queens: 1
Nurturers: 2
Workers: 0
Infants: 20
-----------------------
Eggs: 19
Food: 40

nov 26, 2015 8:24:01 PM org.singular.util.Logger$1 run
INFO: Queens: 1
Nurturers: 2
Workers: 0
Infants: 40
-----------------------
Eggs: 0
Food: 30

nov 26, 2015 8:24:02 PM org.singular.util.Logger$1 run
INFO: Queens: 1
Nurturers: 2
Workers: 0
Infants: 40
-----------------------
Eggs: 1
Food: 30

nov 26, 2015 8:24:03 PM org.singular.util.Logger$1 run
INFO: Queens: 1
Nurturers: 2
Workers: 0
Infants: 40
-----------------------
Eggs: 2
Food: 30

